\BOOKMARK [0][-]{chapter.1}{\376\377\000E\000i\000n\000l\000e\000i\000t\000u\000n\000g}{}% 1
\BOOKMARK [1][-]{section.1.1}{\376\377\000A\000u\000f\000g\000a\000b\000e\000n\000s\000t\000e\000l\000l\000u\000n\000g}{chapter.1}% 2
\BOOKMARK [1][-]{section.1.2}{\376\377\000P\000r\000o\000j\000e\000k\000t\000m\000a\000n\000a\000g\000e\000m\000e\000n\000t}{chapter.1}% 3
\BOOKMARK [2][-]{subsection.1.2.1}{\376\377\000G\000i\000t\000H\000u\000b}{section.1.2}% 4
\BOOKMARK [2][-]{subsection.1.2.2}{\376\377\000T\000r\000e\000l\000l\000o}{section.1.2}% 5
\BOOKMARK [2][-]{subsection.1.2.3}{\376\377\000D\000i\000s\000c\000o\000r\000d}{section.1.2}% 6
\BOOKMARK [2][-]{subsection.1.2.4}{\376\377\000U\000n\000i\000t\000y}{section.1.2}% 7
\BOOKMARK [0][-]{chapter.2}{\376\377\000S\000p\000i\000e\000l\000v\000o\000r\000s\000t\000e\000l\000l\000u\000n\000g}{}% 8
\BOOKMARK [1][-]{section.2.1}{\376\377\000S\000p\000i\000e\000l\000m\000e\000c\000h\000a\000n\000i\000k}{chapter.2}% 9
\BOOKMARK [1][-]{section.2.2}{\376\377\000I\000m\000m\000e\000r\000s\000i\000o\000n}{chapter.2}% 10
\BOOKMARK [0][-]{chapter.3}{\376\377\000E\000n\000t\000w\000i\000c\000k\000l\000u\000n\000g}{}% 11
\BOOKMARK [1][-]{section.3.1}{\376\377\000I\000g\000e\000l\000\040\000I\000n\000f\000o\000r\000m\000a\000t\000i\000o\000n\000e\000n}{chapter.3}% 12
\BOOKMARK [1][-]{section.3.2}{\376\377\000S\000o\000u\000n\000d\000e\000f\000f\000e\000k\000t\000e}{chapter.3}% 13
\BOOKMARK [1][-]{section.3.3}{\376\377\000S\000t\000a\000t\000i\000o\000n\000\040\0007\000:\000\040\000R\000a\000s\000e\000n\000m\000\344\000h\000e\000r}{chapter.3}% 14
\BOOKMARK [2][-]{subsection.3.3.1}{\376\377\000B\000e\000z\000i\000e\000r\000-\000K\000u\000r\000v\000e}{section.3.3}% 15
\BOOKMARK [2][-]{subsection.3.3.2}{\376\377\000I\000m\000p\000l\000e\000m\000e\000n\000t\000i\000e\000r\000u\000n\000g}{section.3.3}% 16
\BOOKMARK [2][-]{subsection.3.3.3}{\376\377\000P\000r\000o\000b\000l\000e\000m\000a\000t\000i\000k}{section.3.3}% 17
\BOOKMARK [1][-]{section.3.4}{\376\377\000S\000t\000a\000t\000i\000o\000n\000\040\0008\000:\000\040\000S\000t\000r\000a\000\337\000e}{chapter.3}% 18
\BOOKMARK [2][-]{subsection.3.4.1}{\376\377\000A\000u\000t\000o\000\040\000D\000e\000s\000i\000g\000n}{section.3.4}% 19
\BOOKMARK [2][-]{subsection.3.4.2}{\376\377\000I\000m\000p\000l\000e\000m\000e\000n\000t\000i\000e\000r\000u\000n\000g}{section.3.4}% 20
\BOOKMARK [1][-]{section.3.5}{\376\377\000S\000t\000a\000t\000i\000o\000n\000\040\0004\000:\000\040\000Z\000a\000u\000n}{chapter.3}% 21
\BOOKMARK [1][-]{section.3.6}{\376\377\000S\000p\000i\000e\000l\000e\000n\000d\000e}{chapter.3}% 22
\BOOKMARK [0][-]{chapter.4}{\376\377\000Z\000u\000s\000a\000m\000m\000e\000n\000f\000a\000s\000s\000u\000n\000g\000\040\000u\000n\000d\000\040\000A\000u\000s\000b\000l\000i\000c\000k}{}% 23
\BOOKMARK [1][-]{section.4.1}{\376\377\000Z\000u\000s\000a\000m\000m\000e\000n\000f\000a\000s\000s\000u\000n\000g}{chapter.4}% 24
\BOOKMARK [1][-]{section.4.2}{\376\377\000A\000u\000s\000b\000l\000i\000c\000k}{chapter.4}% 25
\BOOKMARK [0][-]{section*.10}{\376\377\000L\000i\000t\000e\000r\000a\000t\000u\000r\000v\000e\000r\000z\000e\000i\000c\000h\000n\000i\000s}{}% 26
\BOOKMARK [0][-]{section*.12}{\376\377\000A\000b\000b\000i\000l\000d\000u\000n\000g\000s\000v\000e\000r\000z\000e\000i\000c\000h\000n\000i\000s}{}% 27
